<html xmlns:lxslt="http://xml.apache.org/xslt" xmlns:stringutils="xalan://org.apache.tools.ant.util.StringUtils">
<head>
<META http-equiv="Content-Type" content="text/html; charset=UTF-8">
<title>Unit Test Results: All Tests</title>
<link rel="stylesheet" type="text/css" title="Style" href="stylesheet.css">
</head>
<body onload="open('allclasses-frame.html','classListFrame')">
<h1>Unit Test Results.</h1>
<table width="100%">
<tr>
<td align="left"></td><td align="right">Designed for use with <a href="http://www.junit.org/">JUnit</a> and <a href="http://ant.apache.org/">Ant</a>.</td>
</tr>
</table>
<hr size="1">
<h2>All Tests</h2>
<table class="details" border="0" cellpadding="5" cellspacing="2" width="95%">
<tr valign="top">
<th>Class</th><th>Name</th><th>Status</th><th width="80%">Type</th><th nowrap>Time(s)</th>
</tr>
<tr valign="top" class="Error">
<td><a href="com/portal_ui/0_TestAddGadget.html">TestAddGadget</a></td><td><a name="testAddGadget"></a><a href="com/portal_ui/0_TestAddGadget.html#testAddGadget">testAddGadget</a></td><td>Error</td><td>ERROR: Element SubmitGadgetSearch not found<br>
<br>
<code>com.thoughtworks.selenium.SeleniumException: ERROR: Element SubmitGadgetSearch not found<br>	at com.thoughtworks.selenium.HttpCommandProcessor.throwAssertionFailureExceptionOrError(HttpCommandProcessor.java:97)<br>	at com.thoughtworks.selenium.HttpCommandProcessor.doCommand(HttpCommandProcessor.java:91)<br>	at com.thoughtworks.selenium.DefaultSelenium.click(DefaultSelenium.java:167)<br>	at com.portal_ui.TestAddGadget.testAddGadget(TestAddGadget.java:79)<br>	at com.thoughtworks.selenium.SeleneseTestCase.runBare(SeleneseTestCase.java:212)<br>
</code></td><td>37.844</td>
</tr>
<tr valign="top" class="Error">
<td><a href="com/portal_ui/1_TestAssignTeam.html">TestAssignTeam</a></td><td><a name="testAssignTeam"></a><a href="com/portal_ui/1_TestAssignTeam.html#testAssignTeam">testAssignTeam</a></td><td>Error</td><td>ERROR: Element //a[contains(text(),'Assign2Team')] not found<br>
<br>
<code>com.thoughtworks.selenium.SeleniumException: ERROR: Element //a[contains(text(),'Assign2Team')] not found<br>	at com.thoughtworks.selenium.HttpCommandProcessor.throwAssertionFailureExceptionOrError(HttpCommandProcessor.java:97)<br>	at com.thoughtworks.selenium.HttpCommandProcessor.doCommand(HttpCommandProcessor.java:91)<br>	at com.thoughtworks.selenium.DefaultSelenium.click(DefaultSelenium.java:167)<br>	at com.portal_ui.TestAssignTeam.testAssignTeam(TestAssignTeam.java:49)<br>	at com.thoughtworks.selenium.SeleneseTestCase.runBare(SeleneseTestCase.java:212)<br>
</code></td><td>45.610</td>
</tr>
<tr valign="top" class="Error">
<td><a href="com/portal_ui/2_TestTabs.html">TestTabs</a></td><td><a name="testTabs"></a><a href="com/portal_ui/2_TestTabs.html#testTabs">testTabs</a></td><td>Error</td><td>Timeout while waiting for element //li[starts-with(@id, 'Tab_')]<br>
<br>
<code>com.thoughtworks.selenium.Wait$WaitTimedOutException: Timeout while waiting for element //li[starts-with(@id, 'Tab_')]<br>	at com.thoughtworks.selenium.Wait.wait(Wait.java:81)<br>	at com.thoughtworks.selenium.Wait.wait(Wait.java:48)<br>	at com.portal_ui.BaseTest.waitForElement(BaseTest.java:80)<br>	at com.portal_ui.BaseTest.deleteAllTabs(BaseTest.java:64)<br>	at com.portal_ui.TestTabs.testTabs(TestTabs.java:72)<br>	at com.thoughtworks.selenium.SeleneseTestCase.runBare(SeleneseTestCase.java:212)<br>
</code></td><td>59.909</td>
</tr>
<tr valign="top" class="TableRowColor">
<td><a href="com/portal_ui/3_TestUserInfo.html">TestUserInfo</a></td><td><a name="testSignIn"></a><a href="com/portal_ui/3_TestUserInfo.html#testSignIn">testSignIn</a></td><td>Success</td><td></td><td>30.110</td>
</tr>
</table>
</body>
</html>
