<html xmlns:stringutils="xalan://org.apache.tools.ant.util.StringUtils" xmlns:lxslt="http://xml.apache.org/xslt">
<head>
<META http-equiv="Content-Type" content="text/html; charset=UTF-8">
<title>Unit Test Results: All Tests</title>
<link title="Style" type="text/css" rel="stylesheet" href="stylesheet.css">
</head>
<body onload="open('allclasses-frame.html','classListFrame')">
<h1>Unit Test Results.</h1>
<table width="100%">
<tr>
<td align="left"></td><td align="right">Designed for use with <a href="http://www.junit.org/">JUnit</a> and <a href="http://ant.apache.org/">Ant</a>.</td>
</tr>
</table>
<hr size="1">
<h2>All Tests</h2>
<table width="95%" cellspacing="2" cellpadding="5" border="0" class="details">
<tr valign="top">
<th>Class</th><th>Name</th><th>Status</th><th width="80%">Type</th><th nowrap>Time(s)</th>
</tr>
<tr valign="top" class="TableRowColor">
<td><a href="com/portal_ui/0_AddMember.html">AddMember</a></td><td><a name="testSignIn"></a><a href="com/portal_ui/0_AddMember.html#testSignIn">testSignIn</a></td><td>Success</td><td></td><td>24.705</td>
</tr>
<tr valign="top" class="TableRowColor">
<td><a href="com/portal_ui/1_AddMemberCSV.html">AddMemberCSV</a></td><td><a name="testSignIn"></a><a href="com/portal_ui/1_AddMemberCSV.html#testSignIn">testSignIn</a></td><td>Success</td><td></td><td>24.424</td>
</tr>
<tr valign="top" class="Error">
<td><a href="com/portal_ui/2_AddTeam.html">AddTeam</a></td><td><a name="testSignIn"></a><a href="com/portal_ui/2_AddTeam.html#testSignIn">testSignIn</a></td><td>Error</td><td>com.thoughtworks.selenium.SeleniumException: ERROR: Element link=&lt; Back to teams not found<br>
<br>
<code>java.lang.Error: com.thoughtworks.selenium.SeleniumException: ERROR: Element link=&lt; Back to teams not found<br>	at com.portal_ui.AddTeam.testSignIn(AddTeam.java:40)<br>	at com.thoughtworks.selenium.SeleneseTestCase.runBare(SeleneseTestCase.java:212)<br>Caused by: com.thoughtworks.selenium.SeleniumException: ERROR: Element link=&lt; Back to teams not found<br>	at com.thoughtworks.selenium.HttpCommandProcessor.throwAssertionFailureExceptionOrError(HttpCommandProcessor.java:97)<br>	at com.thoughtworks.selenium.HttpCommandProcessor.doCommand(HttpCommandProcessor.java:91)<br>	at com.thoughtworks.selenium.DefaultSelenium.click(DefaultSelenium.java:177)<br>	at com.portal_ui.AddTeam.testSignIn(AddTeam.java:36)<br>
</code></td><td>28.064</td>
</tr>
<tr valign="top" class="TableRowColor">
<td><a href="com/portal_ui/3_DeleteTeam.html">DeleteTeam</a></td><td><a name="testSignIn"></a><a href="com/portal_ui/3_DeleteTeam.html#testSignIn">testSignIn</a></td><td>Success</td><td></td><td>21.861</td>
</tr>
<tr valign="top" class="TableRowColor">
<td><a href="com/portal_ui/4_Login_No_AddTeamGuest.html">Login_No_AddTeamGuest</a></td><td><a name="testlogin_AddTeam"></a><a href="com/portal_ui/4_Login_No_AddTeamGuest.html#testlogin_AddTeam">testlogin_AddTeam</a></td><td>Success</td><td></td><td>14.877</td>
</tr>
<tr valign="top" class="TableRowColor">
<td><a href="com/portal_ui/5_ModifyDescription.html">ModifyDescription</a></td><td><a name="testSignIn"></a><a href="com/portal_ui/5_ModifyDescription.html#testSignIn">testSignIn</a></td><td>Success</td><td></td><td>25.439</td>
</tr>
</table>
</body>
</html>
