Testsuite: com.portal_ui.TopMenu
Tests run: 1, Failures: 0, Errors: 1, Time elapsed: 47.308 sec

Testcase: testTopMenu took 47.056 sec
	Caused an ERROR
java.lang.AssertionError: null
	at com.thoughtworks.selenium.SeleneseTestBase.fail(SeleneseTestBase.java:356)
	at com.thoughtworks.selenium.SeleneseTestBase.assertTrue(SeleneseTestBase.java:361)
	at com.thoughtworks.selenium.SeleneseTestBase.assertTrue(SeleneseTestBase.java:365)
	at com.thoughtworks.selenium.SeleneseTestBase.verifyTrue(SeleneseTestBase.java:125)
	at com.thoughtworks.selenium.SeleneseTestCase.verifyTrue(SeleneseTestCase.java:119)
	at com.portal_ui.TopMenu.testTopMenu(TopMenu.java:23)
	at sun.reflect.NativeMethodAccessorImpl.invoke0(Native Method)
	at sun.reflect.NativeMethodAccessorImpl.invoke(NativeMethodAccessorImpl.java:39)
	at sun.reflect.DelegatingMethodAccessorImpl.invoke(DelegatingMethodAccessorImpl.java:25)
	at java.lang.reflect.Method.invoke(Method.java:597)
	at junit.framework.TestCase.runTest(TestCase.java:154)
	at junit.framework.TestCase.runBare(TestCase.java:127)
	at com.thoughtworks.selenium.SeleneseTestCase.runBare(SeleneseTestCase.java:212)
	at junit.framework.TestResult$1.protect(TestResult.java:106)
	at junit.framework.TestResult.runProtected(TestResult.java:124)
	at junit.framework.TestResult.run(TestResult.java:109)
	at junit.framework.TestCase.run(TestCase.java:118)
	at junit.framework.TestSuite.runTest(TestSuite.java:208)
	at junit.framework.TestSuite.run(TestSuite.java:203)
	at org.apache.tools.ant.taskdefs.optional.junit.JUnitTestRunner.run(JUnitTestRunner.java:518)
	at org.apache.tools.ant.taskdefs.optional.junit.JUnitTestRunner.launch(JUnitTestRunner.java:1052)
	at org.apache.tools.ant.taskdefs.optional.junit.JUnitTestRunner.main(JUnitTestRunner.java:906)
java.lang.AssertionError: null
	at com.thoughtworks.selenium.SeleneseTestBase.fail(SeleneseTestBase.java:356)
	at com.thoughtworks.selenium.SeleneseTestBase.assertTrue(SeleneseTestBase.java:361)
	at com.thoughtworks.selenium.SeleneseTestBase.assertTrue(SeleneseTestBase.java:365)
	at com.thoughtworks.selenium.SeleneseTestBase.verifyTrue(SeleneseTestBase.java:125)
	at com.thoughtworks.selenium.SeleneseTestCase.verifyTrue(SeleneseTestCase.java:119)
	at com.portal_ui.TopMenu.testTopMenu(TopMenu.java:24)
	at sun.reflect.NativeMethodAccessorImpl.invoke0(Native Method)
	at sun.reflect.NativeMethodAccessorImpl.invoke(NativeMethodAccessorImpl.java:39)
	at sun.reflect.DelegatingMethodAccessorImpl.invoke(DelegatingMethodAccessorImpl.java:25)
	at java.lang.reflect.Method.invoke(Method.java:597)
	at junit.framework.TestCase.runTest(TestCase.java:154)
	at junit.framework.TestCase.runBare(TestCase.java:127)
	at com.thoughtworks.selenium.SeleneseTestCase.runBare(SeleneseTestCase.java:212)
	at junit.framework.TestResult$1.protect(TestResult.java:106)
	at junit.framework.TestResult.runProtected(TestResult.java:124)
	at junit.framework.TestResult.run(TestResult.java:109)
	at junit.framework.TestCase.run(TestCase.java:118)
	at junit.framework.TestSuite.runTest(TestSuite.java:208)
	at junit.framework.TestSuite.run(TestSuite.java:203)
	at org.apache.tools.ant.taskdefs.optional.junit.JUnitTestRunner.run(JUnitTestRunner.java:518)
	at org.apache.tools.ant.taskdefs.optional.junit.JUnitTestRunner.launch(JUnitTestRunner.java:1052)
	at org.apache.tools.ant.taskdefs.optional.junit.JUnitTestRunner.main(JUnitTestRunner.java:906)

java.lang.AssertionError: java.lang.AssertionError: null
	at com.thoughtworks.selenium.SeleneseTestBase.fail(SeleneseTestBase.java:356)
	at com.thoughtworks.selenium.SeleneseTestBase.assertTrue(SeleneseTestBase.java:361)
	at com.thoughtworks.selenium.SeleneseTestBase.assertTrue(SeleneseTestBase.java:365)
	at com.thoughtworks.selenium.SeleneseTestBase.verifyTrue(SeleneseTestBase.java:125)
	at com.thoughtworks.selenium.SeleneseTestCase.verifyTrue(SeleneseTestCase.java:119)
	at com.portal_ui.TopMenu.testTopMenu(TopMenu.java:23)
	at com.thoughtworks.selenium.SeleneseTestCase.runBare(SeleneseTestCase.java:212)
java.lang.AssertionError: null
	at com.thoughtworks.selenium.SeleneseTestBase.fail(SeleneseTestBase.java:356)
	at com.thoughtworks.selenium.SeleneseTestBase.assertTrue(SeleneseTestBase.java:361)
	at com.thoughtworks.selenium.SeleneseTestBase.assertTrue(SeleneseTestBase.java:365)
	at com.thoughtworks.selenium.SeleneseTestBase.verifyTrue(SeleneseTestBase.java:125)
	at com.thoughtworks.selenium.SeleneseTestCase.verifyTrue(SeleneseTestCase.java:119)
	at com.portal_ui.TopMenu.testTopMenu(TopMenu.java:24)
	at com.thoughtworks.selenium.SeleneseTestCase.runBare(SeleneseTestCase.java:212)

	at com.thoughtworks.selenium.SeleneseTestBase.fail(SeleneseTestBase.java:356)
	at com.thoughtworks.selenium.SeleneseTestBase.checkForVerificationErrors(SeleneseTestBase.java:394)
	at com.thoughtworks.selenium.SeleneseTestBase.tearDown(SeleneseTestBase.java:406)
	at com.thoughtworks.selenium.SeleneseTestCase.tearDown(SeleneseTestCase.java:84)
	at com.thoughtworks.selenium.SeleneseTestCase.runBare(SeleneseTestCase.java:212)

