<?xml version="1.0" encoding="UTF-8" ?>
<!--
  ~ Copyright 2011 SURFnet bv, The Netherlands
  ~
  ~ Licensed under the Apache License, Version 2.0 (the "License");
  ~ you may not use this file except in compliance with the License.
  ~ You may obtain a copy of the License at
  ~
  ~      http://www.apache.org/licenses/LICENSE-2.0
  ~
  ~ Unless required by applicable law or agreed to in writing, software
  ~ distributed under the License is distributed on an "AS IS" BASIS,
  ~ WITHOUT WARRANTIES OR CONDITIONS OF ANY KIND, either express or implied.
  ~ See the License for the specific language governing permissions and
  ~ limitations under the License.
  -->

<testsuite errors="1" failures="0" hostname="Nootbok" name="com.portal_ui.TopMenu" tests="1" time="47.308" timestamp="2011-04-01T08:54:54">
  <properties>
    <property name="java.vendor" value="Sun Microsystems Inc."></property>
    <property name="env.MOZ_PLUGIN_PATH" value="/usr/lib/mozilla/plugins"></property>
    <property name="env.LESS_TERMCAP_ue" value="[0m"></property>
    <property name="sun.java.launcher" value="SUN_STANDARD"></property>
    <property name="env.NXDIR" value="/opt/NX"></property>
    <property name="sun.management.compiler" value="HotSpot 64-Bit Server Compiler"></property>
    <property name="env.PROMPT_COMMAND" value="printf &quot;\033]0;%s@%s:%s\007&quot; &quot;${USER}&quot; &quot;${HOSTNAME%%.*}&quot; &quot;${PWD/#$HOME/~}&quot; ; { [[ &quot;$AUTOJUMP_HOME&quot; == &quot;$HOME&quot; ]] &amp;&amp; (autojump -a &quot;$(pwd -P)&quot;&amp;)&gt;/dev/null 2&gt;&gt;${AUTOJUMP_DATA_DIR}/autojump_errors;} 2&gt;/dev/null; printf &quot;\033_%s@%s:%s\033\\&quot; &quot;${USER}&quot; &quot;${HOSTNAME%%.*}&quot; &quot;${PWD/#$HOME/~}&quot;"></property>
    <property name="env.COLORFGBG" value="7;default"></property>
    <property name="os.name" value="Linux"></property>
    <property name="sun.boot.class.path" value="/opt/java/jre/lib/resources.jar:/opt/java/jre/lib/rt.jar:/opt/java/jre/lib/sunrsasign.jar:/opt/java/jre/lib/jsse.jar:/opt/java/jre/lib/jce.jar:/opt/java/jre/lib/charsets.jar:/opt/java/jre/lib/modules/jdk.boot.jar:/opt/java/jre/classes"></property>
    <property name="env.PWD" value="/home/ivo/code/projects/SURFconext/SeleniumTests/Test_UI"></property>
    <property name="env.XDG_SESSION_COOKIE" value="961405bb911a943a4fa9d4944bce41c6-1301646347.801534-1171270748"></property>
    <property name="env.LANG" value="en_US.UTF-8"></property>
    <property name="java.vm.specification.vendor" value="Sun Microsystems Inc."></property>
    <property name="ant.home" value="/usr/share/java/apache-ant"></property>
    <property name="java.runtime.version" value="1.6.0_24-b07"></property>
    <property name="env.DISPLAY" value=":0.0"></property>
    <property name="user.name" value="ivo"></property>
    <property name="env.USER" value="ivo"></property>
    <property name="env.SHELL" value="/bin/bash"></property>
    <property name="env.XDG_DATA_DIRS" value="/usr/share/:/usr/local/share/:/usr/share/:/usr/local/share/:/opt/kde/share:/opt/kde/share"></property>
    <property name="env.NLSPATH" value="/usr/dt/lib/nls/msg/%L/%N.cat"></property>
    <property name="env.PATH" value="/usr/local/bin:/usr/bin:/bin:/usr/local/sbin:/usr/sbin:/sbin:/usr/share/java/apache-ant/bin:/opt/java/bin:/opt/java/db/bin:/opt/java/jre/bin:/opt/kde/bin:/opt/NX/bin:/usr/bin/vendor_perl:/usr/bin/core_perl:/opt/qt/bin"></property>
    <property name="user.language" value="en"></property>
    <property name="sun.boot.library.path" value="/opt/java/jre/lib/amd64"></property>
    <property name="ant.file.Test_UI" value="/home/ivo/code/projects/SURFconext/SeleniumTests/Test_UI/build.xml"></property>
    <property name="ant.project.default-target" value="sendmail"></property>
    <property name="ant.project.name" value="Test_UI"></property>
    <property name="java.version" value="1.6.0_24"></property>
    <property name="env.LESS_TERMCAP_so" value="[1;47;30m"></property>
    <property name="user.timezone" value=""></property>
    <property name="env.DBUS_SESSION_BUS_ADDRESS" value="unix:abstract=/tmp/dbus-Y9nW3ltUtu,guid=9ec17b716d4b4af3b44f727500000037"></property>
    <property name="sun.arch.data.model" value="64"></property>
    <property name="env.LESS_TERMCAP_me" value="[0m"></property>
    <property name="env.SSH_AGENT_PID" value="1541"></property>
    <property name="env.LESS_TERMCAP_md" value="[1;37m"></property>
    <property name="java.endorsed.dirs" value="/opt/java/jre/lib/endorsed"></property>
    <property name="env.LESS_TERMCAP_mb" value="[1;37m"></property>
    <property name="env.DERBY_HOME" value="/opt/java/db"></property>
    <property name="sun.cpu.isalist" value=""></property>
    <property name="sun.jnu.encoding" value="UTF-8"></property>
    <property name="file.encoding.pkg" value="sun.io"></property>
    <property name="env.SHLVL" value="3"></property>
    <property name="env.LESS_TERMCAP_se" value="[0m"></property>
    <property name="file.separator" value="/"></property>
    <property name="java.specification.name" value="Java Platform API Specification"></property>
    <property name="env.QTDIR" value="/opt/qt"></property>
    <property name="java.class.version" value="50.0"></property>
    <property name="env.MPD_HOST" value="zombro.nl"></property>
    <property name="user.country" value="US"></property>
    <property name="java.home" value="/opt/java/jre"></property>
    <property name="env.TERMINFO" value="/usr/share/terminfo"></property>
    <property name="java.vm.info" value="mixed mode"></property>
    <property name="env.LOGNAME" value="ivo"></property>
    <property name="env.PYTHONSTARTUP" value="/home/ivo/.pythonrc.py"></property>
    <property name="ant.file" value="/home/ivo/code/projects/SURFconext/SeleniumTests/Test_UI/build.xml"></property>
    <property name="os.version" value="2.6.37-ARCH"></property>
    <property name="env.G_BROKEN_FILENAMES" value="1"></property>
    <property name="path.separator" value=":"></property>
    <property name="java.vm.version" value="19.1-b02"></property>
    <property name="ant.library.dir" value="/usr/share/java/apache-ant/lib"></property>
    <property name="junit.output.dir" value="junit"></property>
    <property name="env.JAVA_HOME" value="/opt/java"></property>
    <property name="java.awt.printerjob" value="sun.print.PSPrinterJob"></property>
    <property name="env.TERM" value="screen"></property>
    <property name="sun.io.unicode.encoding" value="UnicodeLittle"></property>
    <property name="env.QT_XFT" value="true"></property>
    <property name="user.home" value="/home/ivo"></property>
    <property name="target" value="1.6"></property>
    <property name="java.specification.vendor" value="Sun Microsystems Inc."></property>
    <property name="env.WINDOWID" value="18874806"></property>
    <property name="java.vendor.url" value="http://java.sun.com/"></property>
    <property name="java.library.path" value="/opt/java/jre/lib/amd64/server:/opt/java/jre/lib/amd64:/opt/java/jre/../lib/amd64:/usr/java/packages/lib/amd64:/usr/lib64:/lib64:/lib:/usr/lib"></property>
    <property name="java.vm.vendor" value="Sun Microsystems Inc."></property>
    <property name="java.runtime.name" value="Java(TM) SE Runtime Environment"></property>
    <property name="ant.version" value="Apache Ant(TM) version 1.8.2 compiled on December 20 2010"></property>
    <property name="java.class.path" value="/home/ivo/code/projects/SURFconext/SeleniumTests/Test_UI/bin:/home/ivo/code/projects/SURFconext/SeleniumTests/Test_UI/lib/selenium-server.jar:/home/ivo/code/projects/SURFconext/SeleniumTests/Test_UI/lib/selenium-java-client-driver.jar:/home/ivo/code/projects/SURFconext/SeleniumTests/Test_UI/lib/junit.jar:/usr/share/java/apache-ant/lib/junit.jar:/usr/share/java/apache-ant/lib/ant-launcher.jar:/usr/share/java/apache-ant/lib/ant.jar:/usr/share/java/apache-ant/lib/ant-junit.jar:/usr/share/java/apache-ant/lib/ant-junit4.jar"></property>
    <property name="env.XFILESEARCHPATH" value="/usr/dt/app-defaults/%L/Dt"></property>
    <property name="java.vm.specification.name" value="Java Virtual Machine Specification"></property>
    <property name="ant.file.type" value="file"></property>
    <property name="env.AUTOJUMP_DATA_DIR" value="/home/ivo/.local/share/autojump"></property>
    <property name="env.TMUX" value="/tmp//tmux-1000/default,1727,0"></property>
    <property name="java.vm.specification.version" value="1.0"></property>
    <property name="sun.os.patch.level" value="unknown"></property>
    <property name="sun.cpu.endian" value="little"></property>
    <property name="env.HOME" value="/home/ivo"></property>
    <property name="debuglevel" value="source,lines,vars"></property>
    <property name="env.ANT_HOME" value="/usr/share/java/apache-ant"></property>
    <property name="env.LD_LIBRARY_PATH" value="/opt/java/jre/lib/amd64/server:/opt/java/jre/lib/amd64:/opt/java/jre/../lib/amd64"></property>
    <property name="java.io.tmpdir" value="/tmp"></property>
    <property name="java.vendor.url.bug" value="http://java.sun.com/cgi-bin/bugreport.cgi"></property>
    <property name="env.SSH_AUTH_SOCK" value="/tmp/ssh-UeFWaOrF1540/agent.1540"></property>
    <property name="env.XDG_CONFIG_HOME" value="/home/ivo/.config"></property>
    <property name="java.awt.graphicsenv" value="sun.awt.X11GraphicsEnvironment"></property>
    <property name="os.arch" value="amd64"></property>
    <property name="java.ext.dirs" value="/opt/java/jre/lib/ext:/usr/java/packages/lib/ext"></property>
    <property name="env.XAUTHORITY" value="/home/ivo/.Xauthority"></property>
    <property name="user.dir" value="/home/ivo/code/projects/SURFconext/SeleniumTests/Test_UI"></property>
    <property name="env.GTK_MODULES" value="canberra-gtk-module"></property>
    <property name="env.J2SDKDIR" value="/opt/java"></property>
    <property name="line.separator" value="
"></property>
    <property name="java.vm.name" value="Java HotSpot(TM) 64-Bit Server VM"></property>
    <property name="env.COLORTERM" value="rxvt-xpm"></property>
    <property name="env.EDITOR" value="vim"></property>
    <property name="basedir" value="/home/ivo/code/projects/SURFconext/SeleniumTests/Test_UI"></property>
    <property name="ant.java.version" value="1.6"></property>
    <property name="ant.core.lib" value="/usr/share/java/apache-ant/lib/ant.jar"></property>
    <property name="env.XDG_CACHE_HOME" value="/home/ivo/.cache"></property>
    <property name="source" value="1.6"></property>
    <property name="file.encoding" value="UTF-8"></property>
    <property name="env.MAIL" value="/var/mail/ivo"></property>
    <property name="env.PKG_CONFIG_PATH" value=":/opt/qt/lib/pkgconfig:/opt/qt/lib/pkgconfig"></property>
    <property name="ant.file.type.Test_UI" value="file"></property>
    <property name="env.LESS_TERMCAP_us" value="[0;36m"></property>
    <property name="java.specification.version" value="1.6"></property>
    <property name="env.XDG_CONFIG_DIRS" value="/etc/xdg:/etc/xdg"></property>
    <property name="env.AUTOJUMP_HOME" value="/home/ivo"></property>
    <property name="ant.project.invoked-targets" value="sendmail"></property>
    <property name="env.XDG_DATA_HOME" value="/home/ivo/.local/share"></property>
  </properties>
  <testcase classname="com.portal_ui.TopMenu" name="testTopMenu" time="47.064">
    <error message="java.lang.AssertionError: null
	at com.thoughtworks.selenium.SeleneseTestBase.fail(SeleneseTestBase.java:356)
	at com.thoughtworks.selenium.SeleneseTestBase.assertTrue(SeleneseTestBase.java:361)
	at com.thoughtworks.selenium.SeleneseTestBase.assertTrue(SeleneseTestBase.java:365)
	at com.thoughtworks.selenium.SeleneseTestBase.verifyTrue(SeleneseTestBase.java:125)
	at com.thoughtworks.selenium.SeleneseTestCase.verifyTrue(SeleneseTestCase.java:119)
	at com.portal_ui.TopMenu.testTopMenu(TopMenu.java:23)
	at sun.reflect.NativeMethodAccessorImpl.invoke0(Native Method)
	at sun.reflect.NativeMethodAccessorImpl.invoke(NativeMethodAccessorImpl.java:39)
	at sun.reflect.DelegatingMethodAccessorImpl.invoke(DelegatingMethodAccessorImpl.java:25)
	at java.lang.reflect.Method.invoke(Method.java:597)
	at junit.framework.TestCase.runTest(TestCase.java:154)
	at junit.framework.TestCase.runBare(TestCase.java:127)
	at com.thoughtworks.selenium.SeleneseTestCase.runBare(SeleneseTestCase.java:212)
	at junit.framework.TestResult$1.protect(TestResult.java:106)
	at junit.framework.TestResult.runProtected(TestResult.java:124)
	at junit.framework.TestResult.run(TestResult.java:109)
	at junit.framework.TestCase.run(TestCase.java:118)
	at junit.framework.TestSuite.runTest(TestSuite.java:208)
	at junit.framework.TestSuite.run(TestSuite.java:203)
	at org.apache.tools.ant.taskdefs.optional.junit.JUnitTestRunner.run(JUnitTestRunner.java:518)
	at org.apache.tools.ant.taskdefs.optional.junit.JUnitTestRunner.launch(JUnitTestRunner.java:1052)
	at org.apache.tools.ant.taskdefs.optional.junit.JUnitTestRunner.main(JUnitTestRunner.java:906)
java.lang.AssertionError: null
	at com.thoughtworks.selenium.SeleneseTestBase.fail(SeleneseTestBase.java:356)
	at com.thoughtworks.selenium.SeleneseTestBase.assertTrue(SeleneseTestBase.java:361)
	at com.thoughtworks.selenium.SeleneseTestBase.assertTrue(SeleneseTestBase.java:365)
	at com.thoughtworks.selenium.SeleneseTestBase.verifyTrue(SeleneseTestBase.java:125)
	at com.thoughtworks.selenium.SeleneseTestCase.verifyTrue(SeleneseTestCase.java:119)
	at com.portal_ui.TopMenu.testTopMenu(TopMenu.java:24)
	at sun.reflect.NativeMethodAccessorImpl.invoke0(Native Method)
	at sun.reflect.NativeMethodAccessorImpl.invoke(NativeMethodAccessorImpl.java:39)
	at sun.reflect.DelegatingMethodAccessorImpl.invoke(DelegatingMethodAccessorImpl.java:25)
	at java.lang.reflect.Method.invoke(Method.java:597)
	at junit.framework.TestCase.runTest(TestCase.java:154)
	at junit.framework.TestCase.runBare(TestCase.java:127)
	at com.thoughtworks.selenium.SeleneseTestCase.runBare(SeleneseTestCase.java:212)
	at junit.framework.TestResult$1.protect(TestResult.java:106)
	at junit.framework.TestResult.runProtected(TestResult.java:124)
	at junit.framework.TestResult.run(TestResult.java:109)
	at junit.framework.TestCase.run(TestCase.java:118)
	at junit.framework.TestSuite.runTest(TestSuite.java:208)
	at junit.framework.TestSuite.run(TestSuite.java:203)
	at org.apache.tools.ant.taskdefs.optional.junit.JUnitTestRunner.run(JUnitTestRunner.java:518)
	at org.apache.tools.ant.taskdefs.optional.junit.JUnitTestRunner.launch(JUnitTestRunner.java:1052)
	at org.apache.tools.ant.taskdefs.optional.junit.JUnitTestRunner.main(JUnitTestRunner.java:906)
" type="java.lang.AssertionError">java.lang.AssertionError: java.lang.AssertionError: null
	at com.thoughtworks.selenium.SeleneseTestBase.fail(SeleneseTestBase.java:356)
	at com.thoughtworks.selenium.SeleneseTestBase.assertTrue(SeleneseTestBase.java:361)
	at com.thoughtworks.selenium.SeleneseTestBase.assertTrue(SeleneseTestBase.java:365)
	at com.thoughtworks.selenium.SeleneseTestBase.verifyTrue(SeleneseTestBase.java:125)
	at com.thoughtworks.selenium.SeleneseTestCase.verifyTrue(SeleneseTestCase.java:119)
	at com.portal_ui.TopMenu.testTopMenu(TopMenu.java:23)
	at com.thoughtworks.selenium.SeleneseTestCase.runBare(SeleneseTestCase.java:212)
java.lang.AssertionError: null
	at com.thoughtworks.selenium.SeleneseTestBase.fail(SeleneseTestBase.java:356)
	at com.thoughtworks.selenium.SeleneseTestBase.assertTrue(SeleneseTestBase.java:361)
	at com.thoughtworks.selenium.SeleneseTestBase.assertTrue(SeleneseTestBase.java:365)
	at com.thoughtworks.selenium.SeleneseTestBase.verifyTrue(SeleneseTestBase.java:125)
	at com.thoughtworks.selenium.SeleneseTestCase.verifyTrue(SeleneseTestCase.java:119)
	at com.portal_ui.TopMenu.testTopMenu(TopMenu.java:24)
	at com.thoughtworks.selenium.SeleneseTestCase.runBare(SeleneseTestCase.java:212)

	at com.thoughtworks.selenium.SeleneseTestBase.fail(SeleneseTestBase.java:356)
	at com.thoughtworks.selenium.SeleneseTestBase.checkForVerificationErrors(SeleneseTestBase.java:394)
	at com.thoughtworks.selenium.SeleneseTestBase.tearDown(SeleneseTestBase.java:406)
	at com.thoughtworks.selenium.SeleneseTestCase.tearDown(SeleneseTestCase.java:84)
	at com.thoughtworks.selenium.SeleneseTestCase.runBare(SeleneseTestCase.java:212)
</error>
  </testcase>
  <system-out><![CDATA[]]></system-out>
  <system-err><![CDATA[]]></system-err>
</testsuite>
