<html xmlns:lxslt="http://xml.apache.org/xslt" xmlns:stringutils="xalan://org.apache.tools.ant.util.StringUtils">
<head>
<META http-equiv="Content-Type" content="text/html; charset=UTF-8">
<title>Unit Test Results: All Errors</title>
<link rel="stylesheet" type="text/css" title="Style" href="stylesheet.css">
</head>
<body onload="open('allclasses-frame.html','classListFrame')">
<h1>Unit Test Results.</h1>
<table width="100%">
<tr>
<td align="left"></td><td align="right">Designed for use with <a href="http://www.junit.org/">JUnit</a> and <a href="http://ant.apache.org/">Ant</a>.</td>
</tr>
</table>
<hr size="1">
<h2>All Errors</h2>
<table class="details" border="0" cellpadding="5" cellspacing="2" width="95%">
<tr valign="top">
<th>Class</th><th>Name</th><th>Status</th><th width="80%">Type</th><th nowrap>Time(s)</th>
</tr>
<tr valign="top" class="Error">
<td><a href="com/portal_ui/0_AddGadget.html">AddGadget</a></td><td><a name="testAddGadget"></a><a href="com/portal_ui/0_AddGadget.html#testAddGadget">testAddGadget</a></td><td>Error</td><td>Timeout while waiting for element //div[10]/div[3]/div/button[1]<br>
<br>
<code>com.thoughtworks.selenium.Wait$WaitTimedOutException: Timeout while waiting for element //div[10]/div[3]/div/button[1]<br>	at com.thoughtworks.selenium.Wait.wait(Wait.java:81)<br>	at com.thoughtworks.selenium.Wait.wait(Wait.java:48)<br>	at com.portal_ui.BaseTest.waitForElement(BaseTest.java:28)<br>	at com.portal_ui.AddGadget.testAddGadget(AddGadget.java:66)<br>	at com.thoughtworks.selenium.SeleneseTestCase.runBare(SeleneseTestCase.java:212)<br>
</code></td><td>117.709</td>
</tr>
<tr valign="top" class="Error">
<td><a href="com/portal_ui/1_AssignTeam.html">AssignTeam</a></td><td><a name="testAssignTeam"></a><a href="com/portal_ui/1_AssignTeam.html#testAssignTeam">testAssignTeam</a></td><td>Error</td><td>ERROR: Element username not found<br>
<br>
<code>com.thoughtworks.selenium.SeleniumException: ERROR: Element username not found<br>	at com.thoughtworks.selenium.HttpCommandProcessor.throwAssertionFailureExceptionOrError(HttpCommandProcessor.java:97)<br>	at com.thoughtworks.selenium.HttpCommandProcessor.doCommand(HttpCommandProcessor.java:91)<br>	at com.thoughtworks.selenium.DefaultSelenium.type(DefaultSelenium.java:301)<br>	at com.portal_ui.AssignTeam.testAssignTeam(AssignTeam.java:15)<br>	at com.thoughtworks.selenium.SeleneseTestCase.runBare(SeleneseTestCase.java:212)<br>
</code></td><td>25.645</td>
</tr>
<tr valign="top" class="Error">
<td><a href="com/portal_ui/2_DeleteAllTabs.html">DeleteAllTabs</a></td><td><a name="testDeleteAllTabs"></a><a href="com/portal_ui/2_DeleteAllTabs.html#testDeleteAllTabs">testDeleteAllTabs</a></td><td>Error</td><td>ERROR: Element username not found<br>
<br>
<code>com.thoughtworks.selenium.SeleniumException: ERROR: Element username not found<br>	at com.thoughtworks.selenium.HttpCommandProcessor.throwAssertionFailureExceptionOrError(HttpCommandProcessor.java:97)<br>	at com.thoughtworks.selenium.HttpCommandProcessor.doCommand(HttpCommandProcessor.java:91)<br>	at com.thoughtworks.selenium.DefaultSelenium.type(DefaultSelenium.java:301)<br>	at com.portal_ui.DeleteAllTabs.testDeleteAllTabs(DeleteAllTabs.java:16)<br>	at com.thoughtworks.selenium.SeleneseTestCase.runBare(SeleneseTestCase.java:212)<br>
</code></td><td>23.456</td>
</tr>
<tr valign="top" class="Error">
<td><a href="com/portal_ui/4_DragTab.html">DragTab</a></td><td><a name="testDragTab"></a><a href="com/portal_ui/4_DragTab.html#testDragTab">testDragTab</a></td><td>Error</td><td>ERROR: Element username not found<br>
<br>
<code>com.thoughtworks.selenium.SeleniumException: ERROR: Element username not found<br>	at com.thoughtworks.selenium.HttpCommandProcessor.throwAssertionFailureExceptionOrError(HttpCommandProcessor.java:97)<br>	at com.thoughtworks.selenium.HttpCommandProcessor.doCommand(HttpCommandProcessor.java:91)<br>	at com.thoughtworks.selenium.DefaultSelenium.type(DefaultSelenium.java:301)<br>	at com.portal_ui.DragTab.testDragTab(DragTab.java:16)<br>	at com.thoughtworks.selenium.SeleneseTestCase.runBare(SeleneseTestCase.java:212)<br>
</code></td><td>41.530</td>
</tr>
<tr valign="top" class="Error">
<td><a href="com/portal_ui/7_TopMenu.html">TopMenu</a></td><td><a name="testTopMenu"></a><a href="com/portal_ui/7_TopMenu.html#testTopMenu">testTopMenu</a></td><td>Error</td><td>java.lang.AssertionError: null  at com.thoughtworks.selenium.SeleneseTestBase.fail(SeleneseTestBase.java:356)  at com.thoughtworks.selenium.SeleneseTestBase.assertTrue(SeleneseTestBase.java:361)  at com.thoughtworks.selenium.SeleneseTestBase.assertTrue(SeleneseTestBase.java:365)  at com.thoughtworks.selenium.SeleneseTestBase.verifyTrue(SeleneseTestBase.java:125)  at com.thoughtworks.selenium.SeleneseTestCase.verifyTrue(SeleneseTestCase.java:119)  at com.portal_ui.TopMenu.testTopMenu(TopMenu.java:23)  at sun.reflect.NativeMethodAccessorImpl.invoke0(Native Method)  at sun.reflect.NativeMethodAccessorImpl.invoke(NativeMethodAccessorImpl.java:39)  at sun.reflect.DelegatingMethodAccessorImpl.invoke(DelegatingMethodAccessorImpl.java:25)  at java.lang.reflect.Method.invoke(Method.java:597)  at junit.framework.TestCase.runTest(TestCase.java:154)  at junit.framework.TestCase.runBare(TestCase.java:127)  at com.thoughtworks.selenium.SeleneseTestCase.runBare(SeleneseTestCase.java:212)  at junit.framework.TestResult$1.protect(TestResult.java:106)  at junit.framework.TestResult.runProtected(TestResult.java:124)  at junit.framework.TestResult.run(TestResult.java:109)  at junit.framework.TestCase.run(TestCase.java:118)  at junit.framework.TestSuite.runTest(TestSuite.java:208)  at junit.framework.TestSuite.run(TestSuite.java:203)  at org.apache.tools.ant.taskdefs.optional.junit.JUnitTestRunner.run(JUnitTestRunner.java:518)  at org.apache.tools.ant.taskdefs.optional.junit.JUnitTestRunner.launch(JUnitTestRunner.java:1052)  at org.apache.tools.ant.taskdefs.optional.junit.JUnitTestRunner.main(JUnitTestRunner.java:906) java.lang.AssertionError: null  at com.thoughtworks.selenium.SeleneseTestBase.fail(SeleneseTestBase.java:356)  at com.thoughtworks.selenium.SeleneseTestBase.assertTrue(SeleneseTestBase.java:361)  at com.thoughtworks.selenium.SeleneseTestBase.assertTrue(SeleneseTestBase.java:365)  at com.thoughtworks.selenium.SeleneseTestBase.verifyTrue(SeleneseTestBase.java:125)  at com.thoughtworks.selenium.SeleneseTestCase.verifyTrue(SeleneseTestCase.java:119)  at com.portal_ui.TopMenu.testTopMenu(TopMenu.java:24)  at sun.reflect.NativeMethodAccessorImpl.invoke0(Native Method)  at sun.reflect.NativeMethodAccessorImpl.invoke(NativeMethodAccessorImpl.java:39)  at sun.reflect.DelegatingMethodAccessorImpl.invoke(DelegatingMethodAccessorImpl.java:25)  at java.lang.reflect.Method.invoke(Method.java:597)  at junit.framework.TestCase.runTest(TestCase.java:154)  at junit.framework.TestCase.runBare(TestCase.java:127)  at com.thoughtworks.selenium.SeleneseTestCase.runBare(SeleneseTestCase.java:212)  at junit.framework.TestResult$1.protect(TestResult.java:106)  at junit.framework.TestResult.runProtected(TestResult.java:124)  at junit.framework.TestResult.run(TestResult.java:109)  at junit.framework.TestCase.run(TestCase.java:118)  at junit.framework.TestSuite.runTest(TestSuite.java:208)  at junit.framework.TestSuite.run(TestSuite.java:203)  at org.apache.tools.ant.taskdefs.optional.junit.JUnitTestRunner.run(JUnitTestRunner.java:518)  at org.apache.tools.ant.taskdefs.optional.junit.JUnitTestRunner.launch(JUnitTestRunner.java:1052)  at org.apache.tools.ant.taskdefs.optional.junit.JUnitTestRunner.main(JUnitTestRunner.java:906) <br>
<br>
<code>java.lang.AssertionError: java.lang.AssertionError: null<br>	at com.thoughtworks.selenium.SeleneseTestBase.fail(SeleneseTestBase.java:356)<br>	at com.thoughtworks.selenium.SeleneseTestBase.assertTrue(SeleneseTestBase.java:361)<br>	at com.thoughtworks.selenium.SeleneseTestBase.assertTrue(SeleneseTestBase.java:365)<br>	at com.thoughtworks.selenium.SeleneseTestBase.verifyTrue(SeleneseTestBase.java:125)<br>	at com.thoughtworks.selenium.SeleneseTestCase.verifyTrue(SeleneseTestCase.java:119)<br>	at com.portal_ui.TopMenu.testTopMenu(TopMenu.java:23)<br>	at com.thoughtworks.selenium.SeleneseTestCase.runBare(SeleneseTestCase.java:212)<br>java.lang.AssertionError: null<br>	at com.thoughtworks.selenium.SeleneseTestBase.fail(SeleneseTestBase.java:356)<br>	at com.thoughtworks.selenium.SeleneseTestBase.assertTrue(SeleneseTestBase.java:361)<br>	at com.thoughtworks.selenium.SeleneseTestBase.assertTrue(SeleneseTestBase.java:365)<br>	at com.thoughtworks.selenium.SeleneseTestBase.verifyTrue(SeleneseTestBase.java:125)<br>	at com.thoughtworks.selenium.SeleneseTestCase.verifyTrue(SeleneseTestCase.java:119)<br>	at com.portal_ui.TopMenu.testTopMenu(TopMenu.java:24)<br>	at com.thoughtworks.selenium.SeleneseTestCase.runBare(SeleneseTestCase.java:212)<br>
<br>	at com.thoughtworks.selenium.SeleneseTestBase.fail(SeleneseTestBase.java:356)<br>	at com.thoughtworks.selenium.SeleneseTestBase.checkForVerificationErrors(SeleneseTestBase.java:394)<br>	at com.thoughtworks.selenium.SeleneseTestBase.tearDown(SeleneseTestBase.java:406)<br>	at com.thoughtworks.selenium.SeleneseTestCase.tearDown(SeleneseTestCase.java:84)<br>	at com.thoughtworks.selenium.SeleneseTestCase.runBare(SeleneseTestCase.java:212)<br>
</code></td><td>47.064</td>
</tr>
</table>
</body>
</html>
